<?xml version="1.0" encoding="UTF-8"?>
<testsuite xmlns:xsi="http://www.w3.org/2001/XMLSchema-instance" xsi:noNamespaceSchemaLocation="https://maven.apache.org/surefire/maven-surefire-plugin/xsd/surefire-test-report.xsd" name="shorturl.server.ShortUrlControllerTest" time="3.995" tests="1" errors="0" skipped="0" failures="0">
  <properties>
    <property name="sun.desktop" value="gnome"/>
    <property name="awt.toolkit" value="sun.awt.X11.XToolkit"/>
    <property name="file.encoding.pkg" value="sun.io"/>
    <property name="java.specification.version" value="1.8"/>
    <property name="sun.cpu.isalist" value=""/>
    <property name="sun.jnu.encoding" value="UTF-8"/>
    <property name="java.class.path" value="/home/mi/myStudy/shortUrl-server/target/test-classes:/home/mi/myStudy/shortUrl-server/target/classes:/home/mi/.m2/repository/org/springframework/boot/spring-boot-starter-web/2.2.8.RELEASE/spring-boot-starter-web-2.2.8.RELEASE.jar:/home/mi/.m2/repository/org/springframework/boot/spring-boot-starter/2.2.8.RELEASE/spring-boot-starter-2.2.8.RELEASE.jar:/home/mi/.m2/repository/org/springframework/boot/spring-boot/2.2.8.RELEASE/spring-boot-2.2.8.RELEASE.jar:/home/mi/.m2/repository/org/springframework/boot/spring-boot-autoconfigure/2.2.8.RELEASE/spring-boot-autoconfigure-2.2.8.RELEASE.jar:/home/mi/.m2/repository/org/springframework/boot/spring-boot-starter-logging/2.2.8.RELEASE/spring-boot-starter-logging-2.2.8.RELEASE.jar:/home/mi/.m2/repository/ch/qos/logback/logback-classic/1.2.3/logback-classic-1.2.3.jar:/home/mi/.m2/repository/ch/qos/logback/logback-core/1.2.3/logback-core-1.2.3.jar:/home/mi/.m2/repository/org/apache/logging/log4j/log4j-to-slf4j/2.12.1/log4j-to-slf4j-2.12.1.jar:/home/mi/.m2/repository/org/apache/logging/log4j/log4j-api/2.12.1/log4j-api-2.12.1.jar:/home/mi/.m2/repository/org/slf4j/jul-to-slf4j/1.7.30/jul-to-slf4j-1.7.30.jar:/home/mi/.m2/repository/jakarta/annotation/jakarta.annotation-api/1.3.5/jakarta.annotation-api-1.3.5.jar:/home/mi/.m2/repository/org/yaml/snakeyaml/1.25/snakeyaml-1.25.jar:/home/mi/.m2/repository/org/springframework/boot/spring-boot-starter-json/2.2.8.RELEASE/spring-boot-starter-json-2.2.8.RELEASE.jar:/home/mi/.m2/repository/com/fasterxml/jackson/core/jackson-databind/2.10.4/jackson-databind-2.10.4.jar:/home/mi/.m2/repository/com/fasterxml/jackson/core/jackson-core/2.10.4/jackson-core-2.10.4.jar:/home/mi/.m2/repository/com/fasterxml/jackson/datatype/jackson-datatype-jdk8/2.10.4/jackson-datatype-jdk8-2.10.4.jar:/home/mi/.m2/repository/com/fasterxml/jackson/datatype/jackson-datatype-jsr310/2.10.4/jackson-datatype-jsr310-2.10.4.jar:/home/mi/.m2/repository/com/fasterxml/jackson/module/jackson-module-parameter-names/2.10.4/jackson-module-parameter-names-2.10.4.jar:/home/mi/.m2/repository/org/springframework/boot/spring-boot-starter-tomcat/2.2.8.RELEASE/spring-boot-starter-tomcat-2.2.8.RELEASE.jar:/home/mi/.m2/repository/org/apache/tomcat/embed/tomcat-embed-core/9.0.36/tomcat-embed-core-9.0.36.jar:/home/mi/.m2/repository/org/apache/tomcat/embed/tomcat-embed-el/9.0.36/tomcat-embed-el-9.0.36.jar:/home/mi/.m2/repository/org/apache/tomcat/embed/tomcat-embed-websocket/9.0.36/tomcat-embed-websocket-9.0.36.jar:/home/mi/.m2/repository/org/springframework/boot/spring-boot-starter-validation/2.2.8.RELEASE/spring-boot-starter-validation-2.2.8.RELEASE.jar:/home/mi/.m2/repository/jakarta/validation/jakarta.validation-api/2.0.2/jakarta.validation-api-2.0.2.jar:/home/mi/.m2/repository/org/hibernate/validator/hibernate-validator/6.0.20.Final/hibernate-validator-6.0.20.Final.jar:/home/mi/.m2/repository/org/jboss/logging/jboss-logging/3.4.1.Final/jboss-logging-3.4.1.Final.jar:/home/mi/.m2/repository/org/springframework/spring-web/5.2.7.RELEASE/spring-web-5.2.7.RELEASE.jar:/home/mi/.m2/repository/org/springframework/spring-beans/5.2.7.RELEASE/spring-beans-5.2.7.RELEASE.jar:/home/mi/.m2/repository/org/springframework/spring-webmvc/5.2.7.RELEASE/spring-webmvc-5.2.7.RELEASE.jar:/home/mi/.m2/repository/org/springframework/spring-aop/5.2.7.RELEASE/spring-aop-5.2.7.RELEASE.jar:/home/mi/.m2/repository/org/springframework/spring-context/5.2.7.RELEASE/spring-context-5.2.7.RELEASE.jar:/home/mi/.m2/repository/org/springframework/spring-expression/5.2.7.RELEASE/spring-expression-5.2.7.RELEASE.jar:/home/mi/.m2/repository/com/github/ben-manes/caffeine/caffeine/2.8.4/caffeine-2.8.4.jar:/home/mi/.m2/repository/org/checkerframework/checker-qual/3.4.0/checker-qual-3.4.0.jar:/home/mi/.m2/repository/com/google/errorprone/error_prone_annotations/2.3.4/error_prone_annotations-2.3.4.jar:/home/mi/.m2/repository/org/projectlombok/lombok/1.18.12/lombok-1.18.12.jar:/home/mi/.m2/repository/org/apache/commons/commons-lang3/3.9/commons-lang3-3.9.jar:/home/mi/.m2/repository/com/google/guava/guava/29.0-jre/guava-29.0-jre.jar:/home/mi/.m2/repository/com/google/guava/failureaccess/1.0.1/failureaccess-1.0.1.jar:/home/mi/.m2/repository/com/google/guava/listenablefuture/9999.0-empty-to-avoid-conflict-with-guava/listenablefuture-9999.0-empty-to-avoid-conflict-with-guava.jar:/home/mi/.m2/repository/com/google/code/findbugs/jsr305/3.0.2/jsr305-3.0.2.jar:/home/mi/.m2/repository/com/google/j2objc/j2objc-annotations/1.3/j2objc-annotations-1.3.jar:/home/mi/.m2/repository/io/springfox/springfox-swagger-ui/2.4.0/springfox-swagger-ui-2.4.0.jar:/home/mi/.m2/repository/io/springfox/springfox-spring-web/2.4.0/springfox-spring-web-2.4.0.jar:/home/mi/.m2/repository/io/springfox/springfox-swagger2/2.4.0/springfox-swagger2-2.4.0.jar:/home/mi/.m2/repository/io/swagger/swagger-annotations/1.5.6/swagger-annotations-1.5.6.jar:/home/mi/.m2/repository/io/swagger/swagger-models/1.5.6/swagger-models-1.5.6.jar:/home/mi/.m2/repository/com/fasterxml/jackson/core/jackson-annotations/2.10.4/jackson-annotations-2.10.4.jar:/home/mi/.m2/repository/io/springfox/springfox-spi/2.4.0/springfox-spi-2.4.0.jar:/home/mi/.m2/repository/io/springfox/springfox-core/2.4.0/springfox-core-2.4.0.jar:/home/mi/.m2/repository/io/springfox/springfox-schema/2.4.0/springfox-schema-2.4.0.jar:/home/mi/.m2/repository/io/springfox/springfox-swagger-common/2.4.0/springfox-swagger-common-2.4.0.jar:/home/mi/.m2/repository/com/fasterxml/classmate/1.5.1/classmate-1.5.1.jar:/home/mi/.m2/repository/org/slf4j/slf4j-api/1.7.30/slf4j-api-1.7.30.jar:/home/mi/.m2/repository/org/springframework/plugin/spring-plugin-core/1.2.0.RELEASE/spring-plugin-core-1.2.0.RELEASE.jar:/home/mi/.m2/repository/org/springframework/plugin/spring-plugin-metadata/1.2.0.RELEASE/spring-plugin-metadata-1.2.0.RELEASE.jar:/home/mi/.m2/repository/org/jacoco/jacoco-maven-plugin/0.8.4/jacoco-maven-plugin-0.8.4.jar:/home/mi/.m2/repository/org/apache/maven/maven-plugin-api/3.0/maven-plugin-api-3.0.jar:/home/mi/.m2/repository/org/apache/maven/maven-model/3.0/maven-model-3.0.jar:/home/mi/.m2/repository/org/apache/maven/maven-artifact/3.0/maven-artifact-3.0.jar:/home/mi/.m2/repository/org/sonatype/sisu/sisu-inject-plexus/1.4.2/sisu-inject-plexus-1.4.2.jar:/home/mi/.m2/repository/org/sonatype/sisu/sisu-inject-bean/1.4.2/sisu-inject-bean-1.4.2.jar:/home/mi/.m2/repository/org/sonatype/sisu/sisu-guice/2.1.7/sisu-guice-2.1.7-noaop.jar:/home/mi/.m2/repository/org/apache/maven/maven-core/3.0/maven-core-3.0.jar:/home/mi/.m2/repository/org/apache/maven/maven-settings/3.0/maven-settings-3.0.jar:/home/mi/.m2/repository/org/apache/maven/maven-settings-builder/3.0/maven-settings-builder-3.0.jar:/home/mi/.m2/repository/org/apache/maven/maven-repository-metadata/3.0/maven-repository-metadata-3.0.jar:/home/mi/.m2/repository/org/apache/maven/maven-model-builder/3.0/maven-model-builder-3.0.jar:/home/mi/.m2/repository/org/apache/maven/maven-aether-provider/3.0/maven-aether-provider-3.0.jar:/home/mi/.m2/repository/org/sonatype/aether/aether-impl/1.7/aether-impl-1.7.jar:/home/mi/.m2/repository/org/sonatype/aether/aether-spi/1.7/aether-spi-1.7.jar:/home/mi/.m2/repository/org/sonatype/aether/aether-api/1.7/aether-api-1.7.jar:/home/mi/.m2/repository/org/sonatype/aether/aether-util/1.7/aether-util-1.7.jar:/home/mi/.m2/repository/org/codehaus/plexus/plexus-interpolation/1.14/plexus-interpolation-1.14.jar:/home/mi/.m2/repository/org/codehaus/plexus/plexus-classworlds/2.2.3/plexus-classworlds-2.2.3.jar:/home/mi/.m2/repository/org/codehaus/plexus/plexus-component-annotations/1.5.5/plexus-component-annotations-1.5.5.jar:/home/mi/.m2/repository/org/sonatype/plexus/plexus-sec-dispatcher/1.3/plexus-sec-dispatcher-1.3.jar:/home/mi/.m2/repository/org/sonatype/plexus/plexus-cipher/1.4/plexus-cipher-1.4.jar:/home/mi/.m2/repository/org/codehaus/plexus/plexus-utils/3.0.22/plexus-utils-3.0.22.jar:/home/mi/.m2/repository/org/apache/maven/shared/file-management/1.2.1/file-management-1.2.1.jar:/home/mi/.m2/repository/org/apache/maven/shared/maven-shared-io/1.1/maven-shared-io-1.1.jar:/home/mi/.m2/repository/org/apache/maven/maven-artifact-manager/2.0.2/maven-artifact-manager-2.0.2.jar:/home/mi/.m2/repository/org/apache/maven/wagon/wagon-provider-api/1.0-alpha-6/wagon-provider-api-1.0-alpha-6.jar:/home/mi/.m2/repository/org/codehaus/plexus/plexus-container-default/1.0-alpha-9/plexus-container-default-1.0-alpha-9.jar:/home/mi/.m2/repository/junit/junit/4.12/junit-4.12.jar:/home/mi/.m2/repository/org/hamcrest/hamcrest-core/2.1/hamcrest-core-2.1.jar:/home/mi/.m2/repository/classworlds/classworlds/1.1-alpha-2/classworlds-1.1-alpha-2.jar:/home/mi/.m2/repository/org/apache/maven/reporting/maven-reporting-api/3.0/maven-reporting-api-3.0.jar:/home/mi/.m2/repository/org/apache/maven/doxia/doxia-sink-api/1.0/doxia-sink-api-1.0.jar:/home/mi/.m2/repository/org/apache/maven/reporting/maven-reporting-impl/2.1/maven-reporting-impl-2.1.jar:/home/mi/.m2/repository/org/apache/maven/maven-project/2.0.10/maven-project-2.0.10.jar:/home/mi/.m2/repository/org/apache/maven/maven-profile/2.0.10/maven-profile-2.0.10.jar:/home/mi/.m2/repository/org/apache/maven/maven-plugin-registry/2.0.10/maven-plugin-registry-2.0.10.jar:/home/mi/.m2/repository/org/apache/maven/doxia/doxia-core/1.1.2/doxia-core-1.1.2.jar:/home/mi/.m2/repository/org/apache/maven/doxia/doxia-logging-api/1.1.2/doxia-logging-api-1.1.2.jar:/home/mi/.m2/repository/xerces/xercesImpl/2.8.1/xercesImpl-2.8.1.jar:/home/mi/.m2/repository/commons-lang/commons-lang/2.4/commons-lang-2.4.jar:/home/mi/.m2/repository/commons-httpclient/commons-httpclient/3.1/commons-httpclient-3.1.jar:/home/mi/.m2/repository/commons-codec/commons-codec/1.13/commons-codec-1.13.jar:/home/mi/.m2/repository/org/apache/maven/doxia/doxia-site-renderer/1.1.2/doxia-site-renderer-1.1.2.jar:/home/mi/.m2/repository/org/apache/maven/doxia/doxia-decoration-model/1.1.2/doxia-decoration-model-1.1.2.jar:/home/mi/.m2/repository/org/apache/maven/doxia/doxia-module-xhtml/1.1.2/doxia-module-xhtml-1.1.2.jar:/home/mi/.m2/repository/org/apache/maven/doxia/doxia-module-fml/1.1.2/doxia-module-fml-1.1.2.jar:/home/mi/.m2/repository/org/codehaus/plexus/plexus-i18n/1.0-beta-7/plexus-i18n-1.0-beta-7.jar:/home/mi/.m2/repository/org/codehaus/plexus/plexus-velocity/1.1.7/plexus-velocity-1.1.7.jar:/home/mi/.m2/repository/org/apache/velocity/velocity/1.5/velocity-1.5.jar:/home/mi/.m2/repository/commons-collections/commons-collections/3.2/commons-collections-3.2.jar:/home/mi/.m2/repository/commons-validator/commons-validator/1.2.0/commons-validator-1.2.0.jar:/home/mi/.m2/repository/commons-beanutils/commons-beanutils/1.7.0/commons-beanutils-1.7.0.jar:/home/mi/.m2/repository/commons-digester/commons-digester/1.6/commons-digester-1.6.jar:/home/mi/.m2/repository/commons-logging/commons-logging/1.0.4/commons-logging-1.0.4.jar:/home/mi/.m2/repository/oro/oro/2.0.8/oro-2.0.8.jar:/home/mi/.m2/repository/xml-apis/xml-apis/1.0.b2/xml-apis-1.0.b2.jar:/home/mi/.m2/repository/org/jacoco/org.jacoco.agent/0.8.4/org.jacoco.agent-0.8.4-runtime.jar:/home/mi/.m2/repository/org/jacoco/org.jacoco.core/0.8.4/org.jacoco.core-0.8.4.jar:/home/mi/.m2/repository/org/ow2/asm/asm/7.1/asm-7.1.jar:/home/mi/.m2/repository/org/ow2/asm/asm-commons/7.1/asm-commons-7.1.jar:/home/mi/.m2/repository/org/ow2/asm/asm-analysis/7.1/asm-analysis-7.1.jar:/home/mi/.m2/repository/org/ow2/asm/asm-tree/7.1/asm-tree-7.1.jar:/home/mi/.m2/repository/org/jacoco/org.jacoco.report/0.8.4/org.jacoco.report-0.8.4.jar:/home/mi/.m2/repository/org/springframework/boot/spring-boot-starter-test/2.2.8.RELEASE/spring-boot-starter-test-2.2.8.RELEASE.jar:/home/mi/.m2/repository/org/springframework/boot/spring-boot-test/2.2.8.RELEASE/spring-boot-test-2.2.8.RELEASE.jar:/home/mi/.m2/repository/org/springframework/boot/spring-boot-test-autoconfigure/2.2.8.RELEASE/spring-boot-test-autoconfigure-2.2.8.RELEASE.jar:/home/mi/.m2/repository/com/jayway/jsonpath/json-path/2.4.0/json-path-2.4.0.jar:/home/mi/.m2/repository/net/minidev/json-smart/2.3/json-smart-2.3.jar:/home/mi/.m2/repository/net/minidev/accessors-smart/1.2/accessors-smart-1.2.jar:/home/mi/.m2/repository/jakarta/xml/bind/jakarta.xml.bind-api/2.3.3/jakarta.xml.bind-api-2.3.3.jar:/home/mi/.m2/repository/jakarta/activation/jakarta.activation-api/1.2.2/jakarta.activation-api-1.2.2.jar:/home/mi/.m2/repository/org/junit/jupiter/junit-jupiter/5.5.2/junit-jupiter-5.5.2.jar:/home/mi/.m2/repository/org/junit/jupiter/junit-jupiter-api/5.5.2/junit-jupiter-api-5.5.2.jar:/home/mi/.m2/repository/org/apiguardian/apiguardian-api/1.1.0/apiguardian-api-1.1.0.jar:/home/mi/.m2/repository/org/opentest4j/opentest4j/1.2.0/opentest4j-1.2.0.jar:/home/mi/.m2/repository/org/junit/platform/junit-platform-commons/1.5.2/junit-platform-commons-1.5.2.jar:/home/mi/.m2/repository/org/junit/jupiter/junit-jupiter-params/5.5.2/junit-jupiter-params-5.5.2.jar:/home/mi/.m2/repository/org/junit/jupiter/junit-jupiter-engine/5.5.2/junit-jupiter-engine-5.5.2.jar:/home/mi/.m2/repository/org/junit/platform/junit-platform-engine/1.5.2/junit-platform-engine-1.5.2.jar:/home/mi/.m2/repository/org/mockito/mockito-junit-jupiter/3.1.0/mockito-junit-jupiter-3.1.0.jar:/home/mi/.m2/repository/org/assertj/assertj-core/3.13.2/assertj-core-3.13.2.jar:/home/mi/.m2/repository/org/hamcrest/hamcrest/2.1/hamcrest-2.1.jar:/home/mi/.m2/repository/org/mockito/mockito-core/3.1.0/mockito-core-3.1.0.jar:/home/mi/.m2/repository/net/bytebuddy/byte-buddy/1.10.11/byte-buddy-1.10.11.jar:/home/mi/.m2/repository/net/bytebuddy/byte-buddy-agent/1.10.11/byte-buddy-agent-1.10.11.jar:/home/mi/.m2/repository/org/objenesis/objenesis/2.6/objenesis-2.6.jar:/home/mi/.m2/repository/org/skyscreamer/jsonassert/1.5.0/jsonassert-1.5.0.jar:/home/mi/.m2/repository/com/vaadin/external/google/android-json/0.0.20131108.vaadin1/android-json-0.0.20131108.vaadin1.jar:/home/mi/.m2/repository/org/springframework/spring-core/5.2.7.RELEASE/spring-core-5.2.7.RELEASE.jar:/home/mi/.m2/repository/org/springframework/spring-jcl/5.2.7.RELEASE/spring-jcl-5.2.7.RELEASE.jar:/home/mi/.m2/repository/org/springframework/spring-test/5.2.7.RELEASE/spring-test-5.2.7.RELEASE.jar:/home/mi/.m2/repository/org/xmlunit/xmlunit-core/2.6.4/xmlunit-core-2.6.4.jar:/home/mi/.m2/repository/com/alibaba/fastjson/1.2.58/fastjson-1.2.58.jar:"/>
    <property name="java.vm.vendor" value="AdoptOpenJDK"/>
    <property name="sun.arch.data.model" value="64"/>
    <property name="java.vendor.url" value="https://adoptopenjdk.net/"/>
    <property name="user.timezone" value=""/>
    <property name="java.vm.specification.version" value="1.8"/>
    <property name="os.name" value="Linux"/>
    <property name="user.country" value="CN"/>
    <property name="sun.java.launcher" value="SUN_STANDARD"/>
    <property name="sun.boot.library.path" value="/usr/local/jdk8u282-b08/jre/lib/amd64"/>
    <property name="sun.java.command" value="/home/mi/myStudy/shortUrl-server/target/surefire/surefirebooter4514566961055670364.jar /home/mi/myStudy/shortUrl-server/target/surefire 2022-03-24T13-07-10_722-jvmRun1 surefire1669412274229262384tmp surefire_04284969064364655039tmp"/>
    <property name="surefire.test.class.path" value="/home/mi/myStudy/shortUrl-server/target/test-classes:/home/mi/myStudy/shortUrl-server/target/classes:/home/mi/.m2/repository/org/springframework/boot/spring-boot-starter-web/2.2.8.RELEASE/spring-boot-starter-web-2.2.8.RELEASE.jar:/home/mi/.m2/repository/org/springframework/boot/spring-boot-starter/2.2.8.RELEASE/spring-boot-starter-2.2.8.RELEASE.jar:/home/mi/.m2/repository/org/springframework/boot/spring-boot/2.2.8.RELEASE/spring-boot-2.2.8.RELEASE.jar:/home/mi/.m2/repository/org/springframework/boot/spring-boot-autoconfigure/2.2.8.RELEASE/spring-boot-autoconfigure-2.2.8.RELEASE.jar:/home/mi/.m2/repository/org/springframework/boot/spring-boot-starter-logging/2.2.8.RELEASE/spring-boot-starter-logging-2.2.8.RELEASE.jar:/home/mi/.m2/repository/ch/qos/logback/logback-classic/1.2.3/logback-classic-1.2.3.jar:/home/mi/.m2/repository/ch/qos/logback/logback-core/1.2.3/logback-core-1.2.3.jar:/home/mi/.m2/repository/org/apache/logging/log4j/log4j-to-slf4j/2.12.1/log4j-to-slf4j-2.12.1.jar:/home/mi/.m2/repository/org/apache/logging/log4j/log4j-api/2.12.1/log4j-api-2.12.1.jar:/home/mi/.m2/repository/org/slf4j/jul-to-slf4j/1.7.30/jul-to-slf4j-1.7.30.jar:/home/mi/.m2/repository/jakarta/annotation/jakarta.annotation-api/1.3.5/jakarta.annotation-api-1.3.5.jar:/home/mi/.m2/repository/org/yaml/snakeyaml/1.25/snakeyaml-1.25.jar:/home/mi/.m2/repository/org/springframework/boot/spring-boot-starter-json/2.2.8.RELEASE/spring-boot-starter-json-2.2.8.RELEASE.jar:/home/mi/.m2/repository/com/fasterxml/jackson/core/jackson-databind/2.10.4/jackson-databind-2.10.4.jar:/home/mi/.m2/repository/com/fasterxml/jackson/core/jackson-core/2.10.4/jackson-core-2.10.4.jar:/home/mi/.m2/repository/com/fasterxml/jackson/datatype/jackson-datatype-jdk8/2.10.4/jackson-datatype-jdk8-2.10.4.jar:/home/mi/.m2/repository/com/fasterxml/jackson/datatype/jackson-datatype-jsr310/2.10.4/jackson-datatype-jsr310-2.10.4.jar:/home/mi/.m2/repository/com/fasterxml/jackson/module/jackson-module-parameter-names/2.10.4/jackson-module-parameter-names-2.10.4.jar:/home/mi/.m2/repository/org/springframework/boot/spring-boot-starter-tomcat/2.2.8.RELEASE/spring-boot-starter-tomcat-2.2.8.RELEASE.jar:/home/mi/.m2/repository/org/apache/tomcat/embed/tomcat-embed-core/9.0.36/tomcat-embed-core-9.0.36.jar:/home/mi/.m2/repository/org/apache/tomcat/embed/tomcat-embed-el/9.0.36/tomcat-embed-el-9.0.36.jar:/home/mi/.m2/repository/org/apache/tomcat/embed/tomcat-embed-websocket/9.0.36/tomcat-embed-websocket-9.0.36.jar:/home/mi/.m2/repository/org/springframework/boot/spring-boot-starter-validation/2.2.8.RELEASE/spring-boot-starter-validation-2.2.8.RELEASE.jar:/home/mi/.m2/repository/jakarta/validation/jakarta.validation-api/2.0.2/jakarta.validation-api-2.0.2.jar:/home/mi/.m2/repository/org/hibernate/validator/hibernate-validator/6.0.20.Final/hibernate-validator-6.0.20.Final.jar:/home/mi/.m2/repository/org/jboss/logging/jboss-logging/3.4.1.Final/jboss-logging-3.4.1.Final.jar:/home/mi/.m2/repository/org/springframework/spring-web/5.2.7.RELEASE/spring-web-5.2.7.RELEASE.jar:/home/mi/.m2/repository/org/springframework/spring-beans/5.2.7.RELEASE/spring-beans-5.2.7.RELEASE.jar:/home/mi/.m2/repository/org/springframework/spring-webmvc/5.2.7.RELEASE/spring-webmvc-5.2.7.RELEASE.jar:/home/mi/.m2/repository/org/springframework/spring-aop/5.2.7.RELEASE/spring-aop-5.2.7.RELEASE.jar:/home/mi/.m2/repository/org/springframework/spring-context/5.2.7.RELEASE/spring-context-5.2.7.RELEASE.jar:/home/mi/.m2/repository/org/springframework/spring-expression/5.2.7.RELEASE/spring-expression-5.2.7.RELEASE.jar:/home/mi/.m2/repository/com/github/ben-manes/caffeine/caffeine/2.8.4/caffeine-2.8.4.jar:/home/mi/.m2/repository/org/checkerframework/checker-qual/3.4.0/checker-qual-3.4.0.jar:/home/mi/.m2/repository/com/google/errorprone/error_prone_annotations/2.3.4/error_prone_annotations-2.3.4.jar:/home/mi/.m2/repository/org/projectlombok/lombok/1.18.12/lombok-1.18.12.jar:/home/mi/.m2/repository/org/apache/commons/commons-lang3/3.9/commons-lang3-3.9.jar:/home/mi/.m2/repository/com/google/guava/guava/29.0-jre/guava-29.0-jre.jar:/home/mi/.m2/repository/com/google/guava/failureaccess/1.0.1/failureaccess-1.0.1.jar:/home/mi/.m2/repository/com/google/guava/listenablefuture/9999.0-empty-to-avoid-conflict-with-guava/listenablefuture-9999.0-empty-to-avoid-conflict-with-guava.jar:/home/mi/.m2/repository/com/google/code/findbugs/jsr305/3.0.2/jsr305-3.0.2.jar:/home/mi/.m2/repository/com/google/j2objc/j2objc-annotations/1.3/j2objc-annotations-1.3.jar:/home/mi/.m2/repository/io/springfox/springfox-swagger-ui/2.4.0/springfox-swagger-ui-2.4.0.jar:/home/mi/.m2/repository/io/springfox/springfox-spring-web/2.4.0/springfox-spring-web-2.4.0.jar:/home/mi/.m2/repository/io/springfox/springfox-swagger2/2.4.0/springfox-swagger2-2.4.0.jar:/home/mi/.m2/repository/io/swagger/swagger-annotations/1.5.6/swagger-annotations-1.5.6.jar:/home/mi/.m2/repository/io/swagger/swagger-models/1.5.6/swagger-models-1.5.6.jar:/home/mi/.m2/repository/com/fasterxml/jackson/core/jackson-annotations/2.10.4/jackson-annotations-2.10.4.jar:/home/mi/.m2/repository/io/springfox/springfox-spi/2.4.0/springfox-spi-2.4.0.jar:/home/mi/.m2/repository/io/springfox/springfox-core/2.4.0/springfox-core-2.4.0.jar:/home/mi/.m2/repository/io/springfox/springfox-schema/2.4.0/springfox-schema-2.4.0.jar:/home/mi/.m2/repository/io/springfox/springfox-swagger-common/2.4.0/springfox-swagger-common-2.4.0.jar:/home/mi/.m2/repository/com/fasterxml/classmate/1.5.1/classmate-1.5.1.jar:/home/mi/.m2/repository/org/slf4j/slf4j-api/1.7.30/slf4j-api-1.7.30.jar:/home/mi/.m2/repository/org/springframework/plugin/spring-plugin-core/1.2.0.RELEASE/spring-plugin-core-1.2.0.RELEASE.jar:/home/mi/.m2/repository/org/springframework/plugin/spring-plugin-metadata/1.2.0.RELEASE/spring-plugin-metadata-1.2.0.RELEASE.jar:/home/mi/.m2/repository/org/jacoco/jacoco-maven-plugin/0.8.4/jacoco-maven-plugin-0.8.4.jar:/home/mi/.m2/repository/org/apache/maven/maven-plugin-api/3.0/maven-plugin-api-3.0.jar:/home/mi/.m2/repository/org/apache/maven/maven-model/3.0/maven-model-3.0.jar:/home/mi/.m2/repository/org/apache/maven/maven-artifact/3.0/maven-artifact-3.0.jar:/home/mi/.m2/repository/org/sonatype/sisu/sisu-inject-plexus/1.4.2/sisu-inject-plexus-1.4.2.jar:/home/mi/.m2/repository/org/sonatype/sisu/sisu-inject-bean/1.4.2/sisu-inject-bean-1.4.2.jar:/home/mi/.m2/repository/org/sonatype/sisu/sisu-guice/2.1.7/sisu-guice-2.1.7-noaop.jar:/home/mi/.m2/repository/org/apache/maven/maven-core/3.0/maven-core-3.0.jar:/home/mi/.m2/repository/org/apache/maven/maven-settings/3.0/maven-settings-3.0.jar:/home/mi/.m2/repository/org/apache/maven/maven-settings-builder/3.0/maven-settings-builder-3.0.jar:/home/mi/.m2/repository/org/apache/maven/maven-repository-metadata/3.0/maven-repository-metadata-3.0.jar:/home/mi/.m2/repository/org/apache/maven/maven-model-builder/3.0/maven-model-builder-3.0.jar:/home/mi/.m2/repository/org/apache/maven/maven-aether-provider/3.0/maven-aether-provider-3.0.jar:/home/mi/.m2/repository/org/sonatype/aether/aether-impl/1.7/aether-impl-1.7.jar:/home/mi/.m2/repository/org/sonatype/aether/aether-spi/1.7/aether-spi-1.7.jar:/home/mi/.m2/repository/org/sonatype/aether/aether-api/1.7/aether-api-1.7.jar:/home/mi/.m2/repository/org/sonatype/aether/aether-util/1.7/aether-util-1.7.jar:/home/mi/.m2/repository/org/codehaus/plexus/plexus-interpolation/1.14/plexus-interpolation-1.14.jar:/home/mi/.m2/repository/org/codehaus/plexus/plexus-classworlds/2.2.3/plexus-classworlds-2.2.3.jar:/home/mi/.m2/repository/org/codehaus/plexus/plexus-component-annotations/1.5.5/plexus-component-annotations-1.5.5.jar:/home/mi/.m2/repository/org/sonatype/plexus/plexus-sec-dispatcher/1.3/plexus-sec-dispatcher-1.3.jar:/home/mi/.m2/repository/org/sonatype/plexus/plexus-cipher/1.4/plexus-cipher-1.4.jar:/home/mi/.m2/repository/org/codehaus/plexus/plexus-utils/3.0.22/plexus-utils-3.0.22.jar:/home/mi/.m2/repository/org/apache/maven/shared/file-management/1.2.1/file-management-1.2.1.jar:/home/mi/.m2/repository/org/apache/maven/shared/maven-shared-io/1.1/maven-shared-io-1.1.jar:/home/mi/.m2/repository/org/apache/maven/maven-artifact-manager/2.0.2/maven-artifact-manager-2.0.2.jar:/home/mi/.m2/repository/org/apache/maven/wagon/wagon-provider-api/1.0-alpha-6/wagon-provider-api-1.0-alpha-6.jar:/home/mi/.m2/repository/org/codehaus/plexus/plexus-container-default/1.0-alpha-9/plexus-container-default-1.0-alpha-9.jar:/home/mi/.m2/repository/junit/junit/4.12/junit-4.12.jar:/home/mi/.m2/repository/org/hamcrest/hamcrest-core/2.1/hamcrest-core-2.1.jar:/home/mi/.m2/repository/classworlds/classworlds/1.1-alpha-2/classworlds-1.1-alpha-2.jar:/home/mi/.m2/repository/org/apache/maven/reporting/maven-reporting-api/3.0/maven-reporting-api-3.0.jar:/home/mi/.m2/repository/org/apache/maven/doxia/doxia-sink-api/1.0/doxia-sink-api-1.0.jar:/home/mi/.m2/repository/org/apache/maven/reporting/maven-reporting-impl/2.1/maven-reporting-impl-2.1.jar:/home/mi/.m2/repository/org/apache/maven/maven-project/2.0.10/maven-project-2.0.10.jar:/home/mi/.m2/repository/org/apache/maven/maven-profile/2.0.10/maven-profile-2.0.10.jar:/home/mi/.m2/repository/org/apache/maven/maven-plugin-registry/2.0.10/maven-plugin-registry-2.0.10.jar:/home/mi/.m2/repository/org/apache/maven/doxia/doxia-core/1.1.2/doxia-core-1.1.2.jar:/home/mi/.m2/repository/org/apache/maven/doxia/doxia-logging-api/1.1.2/doxia-logging-api-1.1.2.jar:/home/mi/.m2/repository/xerces/xercesImpl/2.8.1/xercesImpl-2.8.1.jar:/home/mi/.m2/repository/commons-lang/commons-lang/2.4/commons-lang-2.4.jar:/home/mi/.m2/repository/commons-httpclient/commons-httpclient/3.1/commons-httpclient-3.1.jar:/home/mi/.m2/repository/commons-codec/commons-codec/1.13/commons-codec-1.13.jar:/home/mi/.m2/repository/org/apache/maven/doxia/doxia-site-renderer/1.1.2/doxia-site-renderer-1.1.2.jar:/home/mi/.m2/repository/org/apache/maven/doxia/doxia-decoration-model/1.1.2/doxia-decoration-model-1.1.2.jar:/home/mi/.m2/repository/org/apache/maven/doxia/doxia-module-xhtml/1.1.2/doxia-module-xhtml-1.1.2.jar:/home/mi/.m2/repository/org/apache/maven/doxia/doxia-module-fml/1.1.2/doxia-module-fml-1.1.2.jar:/home/mi/.m2/repository/org/codehaus/plexus/plexus-i18n/1.0-beta-7/plexus-i18n-1.0-beta-7.jar:/home/mi/.m2/repository/org/codehaus/plexus/plexus-velocity/1.1.7/plexus-velocity-1.1.7.jar:/home/mi/.m2/repository/org/apache/velocity/velocity/1.5/velocity-1.5.jar:/home/mi/.m2/repository/commons-collections/commons-collections/3.2/commons-collections-3.2.jar:/home/mi/.m2/repository/commons-validator/commons-validator/1.2.0/commons-validator-1.2.0.jar:/home/mi/.m2/repository/commons-beanutils/commons-beanutils/1.7.0/commons-beanutils-1.7.0.jar:/home/mi/.m2/repository/commons-digester/commons-digester/1.6/commons-digester-1.6.jar:/home/mi/.m2/repository/commons-logging/commons-logging/1.0.4/commons-logging-1.0.4.jar:/home/mi/.m2/repository/oro/oro/2.0.8/oro-2.0.8.jar:/home/mi/.m2/repository/xml-apis/xml-apis/1.0.b2/xml-apis-1.0.b2.jar:/home/mi/.m2/repository/org/jacoco/org.jacoco.agent/0.8.4/org.jacoco.agent-0.8.4-runtime.jar:/home/mi/.m2/repository/org/jacoco/org.jacoco.core/0.8.4/org.jacoco.core-0.8.4.jar:/home/mi/.m2/repository/org/ow2/asm/asm/7.1/asm-7.1.jar:/home/mi/.m2/repository/org/ow2/asm/asm-commons/7.1/asm-commons-7.1.jar:/home/mi/.m2/repository/org/ow2/asm/asm-analysis/7.1/asm-analysis-7.1.jar:/home/mi/.m2/repository/org/ow2/asm/asm-tree/7.1/asm-tree-7.1.jar:/home/mi/.m2/repository/org/jacoco/org.jacoco.report/0.8.4/org.jacoco.report-0.8.4.jar:/home/mi/.m2/repository/org/springframework/boot/spring-boot-starter-test/2.2.8.RELEASE/spring-boot-starter-test-2.2.8.RELEASE.jar:/home/mi/.m2/repository/org/springframework/boot/spring-boot-test/2.2.8.RELEASE/spring-boot-test-2.2.8.RELEASE.jar:/home/mi/.m2/repository/org/springframework/boot/spring-boot-test-autoconfigure/2.2.8.RELEASE/spring-boot-test-autoconfigure-2.2.8.RELEASE.jar:/home/mi/.m2/repository/com/jayway/jsonpath/json-path/2.4.0/json-path-2.4.0.jar:/home/mi/.m2/repository/net/minidev/json-smart/2.3/json-smart-2.3.jar:/home/mi/.m2/repository/net/minidev/accessors-smart/1.2/accessors-smart-1.2.jar:/home/mi/.m2/repository/jakarta/xml/bind/jakarta.xml.bind-api/2.3.3/jakarta.xml.bind-api-2.3.3.jar:/home/mi/.m2/repository/jakarta/activation/jakarta.activation-api/1.2.2/jakarta.activation-api-1.2.2.jar:/home/mi/.m2/repository/org/junit/jupiter/junit-jupiter/5.5.2/junit-jupiter-5.5.2.jar:/home/mi/.m2/repository/org/junit/jupiter/junit-jupiter-api/5.5.2/junit-jupiter-api-5.5.2.jar:/home/mi/.m2/repository/org/apiguardian/apiguardian-api/1.1.0/apiguardian-api-1.1.0.jar:/home/mi/.m2/repository/org/opentest4j/opentest4j/1.2.0/opentest4j-1.2.0.jar:/home/mi/.m2/repository/org/junit/platform/junit-platform-commons/1.5.2/junit-platform-commons-1.5.2.jar:/home/mi/.m2/repository/org/junit/jupiter/junit-jupiter-params/5.5.2/junit-jupiter-params-5.5.2.jar:/home/mi/.m2/repository/org/junit/jupiter/junit-jupiter-engine/5.5.2/junit-jupiter-engine-5.5.2.jar:/home/mi/.m2/repository/org/junit/platform/junit-platform-engine/1.5.2/junit-platform-engine-1.5.2.jar:/home/mi/.m2/repository/org/mockito/mockito-junit-jupiter/3.1.0/mockito-junit-jupiter-3.1.0.jar:/home/mi/.m2/repository/org/assertj/assertj-core/3.13.2/assertj-core-3.13.2.jar:/home/mi/.m2/repository/org/hamcrest/hamcrest/2.1/hamcrest-2.1.jar:/home/mi/.m2/repository/org/mockito/mockito-core/3.1.0/mockito-core-3.1.0.jar:/home/mi/.m2/repository/net/bytebuddy/byte-buddy/1.10.11/byte-buddy-1.10.11.jar:/home/mi/.m2/repository/net/bytebuddy/byte-buddy-agent/1.10.11/byte-buddy-agent-1.10.11.jar:/home/mi/.m2/repository/org/objenesis/objenesis/2.6/objenesis-2.6.jar:/home/mi/.m2/repository/org/skyscreamer/jsonassert/1.5.0/jsonassert-1.5.0.jar:/home/mi/.m2/repository/com/vaadin/external/google/android-json/0.0.20131108.vaadin1/android-json-0.0.20131108.vaadin1.jar:/home/mi/.m2/repository/org/springframework/spring-core/5.2.7.RELEASE/spring-core-5.2.7.RELEASE.jar:/home/mi/.m2/repository/org/springframework/spring-jcl/5.2.7.RELEASE/spring-jcl-5.2.7.RELEASE.jar:/home/mi/.m2/repository/org/springframework/spring-test/5.2.7.RELEASE/spring-test-5.2.7.RELEASE.jar:/home/mi/.m2/repository/org/xmlunit/xmlunit-core/2.6.4/xmlunit-core-2.6.4.jar:/home/mi/.m2/repository/com/alibaba/fastjson/1.2.58/fastjson-1.2.58.jar:"/>
    <property name="sun.cpu.endian" value="little"/>
    <property name="user.home" value="/home/mi"/>
    <property name="user.language" value="zh"/>
    <property name="java.specification.vendor" value="Oracle Corporation"/>
    <property name="java.home" value="/usr/local/jdk8u282-b08/jre"/>
    <property name="basedir" value="/home/mi/myStudy/shortUrl-server"/>
    <property name="file.separator" value="/"/>
    <property name="line.separator" value="&#10;"/>
    <property name="java.vm.specification.vendor" value="Oracle Corporation"/>
    <property name="java.specification.name" value="Java Platform API Specification"/>
    <property name="java.awt.graphicsenv" value="sun.awt.X11GraphicsEnvironment"/>
    <property name="surefire.real.class.path" value="/home/mi/myStudy/shortUrl-server/target/surefire/surefirebooter4514566961055670364.jar:/home/mi/.m2/repository/org/jacoco/org.jacoco.agent/0.8.4/org.jacoco.agent-0.8.4-runtime.jar"/>
    <property name="sun.boot.class.path" value="/usr/local/jdk8u282-b08/jre/lib/resources.jar:/usr/local/jdk8u282-b08/jre/lib/rt.jar:/usr/local/jdk8u282-b08/jre/lib/sunrsasign.jar:/usr/local/jdk8u282-b08/jre/lib/jsse.jar:/usr/local/jdk8u282-b08/jre/lib/jce.jar:/usr/local/jdk8u282-b08/jre/lib/charsets.jar:/usr/local/jdk8u282-b08/jre/lib/jfr.jar:/usr/local/jdk8u282-b08/jre/classes"/>
    <property name="sun.management.compiler" value="HotSpot 64-Bit Tiered Compilers"/>
    <property name="java.runtime.version" value="1.8.0_282-b08"/>
    <property name="user.name" value="mi"/>
    <property name="path.separator" value=":"/>
    <property name="os.version" value="5.4.0-105-generic"/>
    <property name="java.endorsed.dirs" value="/usr/local/jdk8u282-b08/jre/lib/endorsed"/>
    <property name="java.runtime.name" value="OpenJDK Runtime Environment"/>
    <property name="file.encoding" value="UTF-8"/>
    <property name="java.vm.name" value="OpenJDK 64-Bit Server VM"/>
    <property name="localRepository" value="/home/mi/.m2/repository"/>
    <property name="java.vendor.url.bug" value="https://github.com/AdoptOpenJDK/openjdk-support/issues"/>
    <property name="java.io.tmpdir" value="/tmp"/>
    <property name="java.version" value="1.8.0_282"/>
    <property name="user.dir" value="/home/mi/myStudy/shortUrl-server"/>
    <property name="os.arch" value="amd64"/>
    <property name="java.vm.specification.name" value="Java Virtual Machine Specification"/>
    <property name="java.awt.printerjob" value="sun.print.PSPrinterJob"/>
    <property name="sun.os.patch.level" value="unknown"/>
    <property name="java.library.path" value="/usr/java/packages/lib/amd64:/usr/lib64:/lib64:/lib:/usr/lib"/>
    <property name="java.vm.info" value="mixed mode"/>
    <property name="java.vendor" value="AdoptOpenJDK"/>
    <property name="java.vm.version" value="25.282-b08"/>
    <property name="java.ext.dirs" value="/usr/local/jdk8u282-b08/jre/lib/ext:/usr/java/packages/lib/ext"/>
    <property name="sun.io.unicode.encoding" value="UnicodeLittle"/>
    <property name="java.class.version" value="52.0"/>
  </properties>
  <testcase name="test" classname="shorturl.server.ShortUrlControllerTest" time="0.493"/>
</testsuite>